<?xml version="1.0" encoding="UTF-8"?>
<testng-results skipped="0" failed="0" total="1" passed="1">
  <reporter-output>
  </reporter-output>
  <suite name="Default suite" duration-ms="143122" started-at="2017-08-05T08:44:44Z" finished-at="2017-08-05T08:47:07Z">
    <groups>
    </groups>
    <test name="Default test" duration-ms="143122" started-at="2017-08-05T08:44:44Z" finished-at="2017-08-05T08:47:07Z">
      <class name="com.scp.demos.Selenium.TestOrangeHRM">
        <test-method status="PASS" signature="testSearchFunctionality()[pri:0, instance:com.scp.demos.Selenium.TestOrangeHRM@28d25987]" name="testSearchFunctionality" duration-ms="143099" started-at="2017-08-05T14:14:44Z" finished-at="2017-08-05T14:17:07Z">
          <reporter-output>
          </reporter-output>
        </test-method> <!-- testSearchFunctionality -->
      </class> <!-- com.scp.demos.Selenium.TestOrangeHRM -->
    </test> <!-- Default test -->
  </suite> <!-- Default suite -->
</testng-results>
